Test project /build/cpr/src/build
      Start  1: cpr_get_tests
 1/31 Test  #1: cpr_get_tests ....................   Passed    0.07 sec
      Start  2: cpr_post_tests
 2/31 Test  #2: cpr_post_tests ...................   Passed    0.12 sec
      Start  3: cpr_session_tests
 3/31 Test  #3: cpr_session_tests ................   Passed    3.71 sec
      Start  4: cpr_prepare_tests
 4/31 Test  #4: cpr_prepare_tests ................   Passed    0.01 sec
      Start  5: cpr_async_tests
 5/31 Test  #5: cpr_async_tests ..................   Passed    2.31 sec
      Start  6: cpr_head_tests
 6/31 Test  #6: cpr_head_tests ...................   Passed    0.12 sec
      Start  7: cpr_delete_tests
 7/31 Test  #7: cpr_delete_tests .................   Passed    0.11 sec
      Start  8: cpr_put_tests
 8/31 Test  #8: cpr_put_tests ....................   Passed    0.11 sec
      Start  9: cpr_callback_tests
 9/31 Test  #9: cpr_callback_tests ...............   Passed    2.81 sec
      Start 10: cpr_raw_body_tests
10/31 Test #10: cpr_raw_body_tests ...............   Passed    0.02 sec
      Start 11: cpr_options_tests
11/31 Test #11: cpr_options_tests ................   Passed    0.31 sec
      Start 12: cpr_patch_tests
12/31 Test #12: cpr_patch_tests ..................   Passed    0.11 sec
      Start 13: cpr_error_tests
13/31 Test #13: cpr_error_tests ..................   Passed    3.11 sec
      Start 14: cpr_alternating_tests
14/31 Test #14: cpr_alternating_tests ............   Passed    0.11 sec
      Start 15: cpr_util_tests
15/31 Test #15: cpr_util_tests ...................   Passed    0.01 sec
      Start 16: cpr_structures_tests
16/31 Test #16: cpr_structures_tests .............   Passed    0.01 sec
      Start 17: cpr_encoded_auth_tests
17/31 Test #17: cpr_encoded_auth_tests ...........   Passed    0.00 sec
      Start 18: cpr_version_tests
18/31 Test #18: cpr_version_tests ................   Passed    0.00 sec
      Start 19: cpr_download_tests
19/31 Test #19: cpr_download_tests ...............   Passed    0.01 sec
      Start 20: cpr_interceptor_tests
20/31 Test #20: cpr_interceptor_tests ............   Passed    0.11 sec
      Start 21: cpr_interceptor_multi_tests
21/31 Test #21: cpr_interceptor_multi_tests ......   Passed    0.01 sec
      Start 22: cpr_multiperform_tests
22/31 Test #22: cpr_multiperform_tests ...........   Passed    2.11 sec
      Start 23: cpr_resolve_tests
23/31 Test #23: cpr_resolve_tests ................   Passed    0.01 sec
      Start 24: cpr_multiasync_tests
24/31 Test #24: cpr_multiasync_tests .............   Passed    5.51 sec
      Start 25: cpr_file_upload_tests
25/31 Test #25: cpr_file_upload_tests ............   Passed    0.01 sec
      Start 26: cpr_singleton_tests
26/31 Test #26: cpr_singleton_tests ..............   Passed    0.00 sec
      Start 27: cpr_threadpool_tests
27/31 Test #27: cpr_threadpool_tests .............   Passed    0.00 sec
      Start 28: cpr_testUtils_tests
28/31 Test #28: cpr_testUtils_tests ..............   Passed    0.00 sec
      Start 29: cpr_connection_pool_tests
29/31 Test #29: cpr_connection_pool_tests ........   Passed    0.02 sec
      Start 30: cpr_sse_tests
30/31 Test #30: cpr_sse_tests ....................   Passed    0.11 sec
      Start 31: cpr_ssl_tests
31/31 Test #31: cpr_ssl_tests ....................   Passed    7.14 sec

100% tests passed, 0 tests failed out of 31

Total Test time (real) =  28.10 sec
