Test project /build/magic_enum-git/src/build
      Start  1: test-cpp17
 1/15 Test  #1: test-cpp17 .......................   Passed    0.00 sec
      Start  2: test_flags-cpp17
 2/15 Test  #2: test_flags-cpp17 .................   Passed    0.00 sec
      Start  3: test_aliases-cpp17
 3/15 Test  #3: test_aliases-cpp17 ...............   Passed    0.00 sec
      Start  4: test_containers-cpp17
 4/15 Test  #4: test_containers-cpp17 ............   Passed    0.00 sec
      Start  5: test_wchar_t-cpp17
 5/15 Test  #5: test_wchar_t-cpp17 ...............   Passed    0.00 sec
      Start  6: test-cpp20
 6/15 Test  #6: test-cpp20 .......................   Passed    0.00 sec
      Start  7: test_flags-cpp20
 7/15 Test  #7: test_flags-cpp20 .................   Passed    0.00 sec
      Start  8: test_aliases-cpp20
 8/15 Test  #8: test_aliases-cpp20 ...............   Passed    0.00 sec
      Start  9: test_containers-cpp20
 9/15 Test  #9: test_containers-cpp20 ............   Passed    0.00 sec
      Start 10: test_wchar_t-cpp20
10/15 Test #10: test_wchar_t-cpp20 ...............   Passed    0.00 sec
      Start 11: test-cpp23
11/15 Test #11: test-cpp23 .......................   Passed    0.00 sec
      Start 12: test_flags-cpp23
12/15 Test #12: test_flags-cpp23 .................   Passed    0.00 sec
      Start 13: test_aliases-cpp23
13/15 Test #13: test_aliases-cpp23 ...............   Passed    0.00 sec
      Start 14: test_containers-cpp23
14/15 Test #14: test_containers-cpp23 ............   Passed    0.00 sec
      Start 15: test_wchar_t-cpp23
15/15 Test #15: test_wchar_t-cpp23 ...............   Passed    0.00 sec

100% tests passed, 0 tests failed out of 15

Total Test time (real) =   0.03 sec
