Test project /build/noson/src/build
    Start 1: check_compressor
1/4 Test #1: check_compressor .................   Passed    0.00 sec
    Start 2: check_soap_parser
2/4 Test #2: check_soap_parser ................   Passed    0.00 sec
    Start 3: check_intrinsic
3/4 Test #3: check_intrinsic ..................   Passed    0.40 sec
    Start 4: check_builtin
4/4 Test #4: check_builtin ....................   Passed    0.00 sec

100% tests passed, 0 tests failed out of 4

Total Test time (real) =   0.41 sec
