Test project /build/openloco-git/src/build
      Start  1: EnumFlagsTest.operatorOr
 1/42 Test  #1: EnumFlagsTest.operatorOr ......................   Passed    0.00 sec
      Start  2: EnumFlagsTest.operatorAnd
 2/42 Test  #2: EnumFlagsTest.operatorAnd .....................   Passed    0.00 sec
      Start  3: EnumFlagsTest.operatorXor
 3/42 Test  #3: EnumFlagsTest.operatorXor .....................   Passed    0.00 sec
      Start  4: EnumFlagsTest.operatorOrInplace
 4/42 Test  #4: EnumFlagsTest.operatorOrInplace ...............   Passed    0.00 sec
      Start  5: EnumFlagsTest.operatorAndInplace
 5/42 Test  #5: EnumFlagsTest.operatorAndInplace ..............   Passed    0.00 sec
      Start  6: EnumFlagsTest.operatorXorInplace
 6/42 Test  #6: EnumFlagsTest.operatorXorInplace ..............   Passed    0.00 sec
      Start  7: FileStreamTest.testWriteRead
 7/42 Test  #7: FileStreamTest.testWriteRead ..................   Passed    0.00 sec
      Start  8: FileStreamTest.testBadRead
 8/42 Test  #8: FileStreamTest.testBadRead ....................   Passed    0.00 sec
      Start  9: FileStreamTest.testPosition
 9/42 Test  #9: FileStreamTest.testPosition ...................   Passed    0.00 sec
      Start 10: FileStreamTest.testModeWriteRead
10/42 Test #10: FileStreamTest.testModeWriteRead ..............   Passed    0.00 sec
      Start 11: FileStreamTest.testModeReadWrite
11/42 Test #11: FileStreamTest.testModeReadWrite ..............   Passed    0.00 sec
      Start 12: FileStreamTest.testWrite100MiB
12/42 Test #12: FileStreamTest.testWrite100MiB ................   Passed    2.46 sec
      Start 13: FileStreamTest.testRead100MiB
13/42 Test #13: FileStreamTest.testRead100MiB .................   Passed    2.36 sec
      Start 14: MemoryStreamTest.testWriteRead
14/42 Test #14: MemoryStreamTest.testWriteRead ................   Passed    0.00 sec
      Start 15: MemoryStreamTest.testOverwrite
15/42 Test #15: MemoryStreamTest.testOverwrite ................   Passed    0.00 sec
      Start 16: MemoryStreamTest.testPosition
16/42 Test #16: MemoryStreamTest.testPosition .................   Passed    0.00 sec
      Start 17: MemoryStreamTest.testBadRead
17/42 Test #17: MemoryStreamTest.testBadRead ..................   Passed    0.00 sec
      Start 18: MemoryStreamTest.testWrite100MiB
18/42 Test #18: MemoryStreamTest.testWrite100MiB ..............   Passed    0.67 sec
      Start 19: MemoryStreamTest.testResize
19/42 Test #19: MemoryStreamTest.testResize ...................   Passed    0.00 sec
      Start 20: NumericTest.bitScanForward
20/42 Test #20: NumericTest.bitScanForward ....................   Passed    0.00 sec
      Start 21: NumericTest.bitScanReverse
21/42 Test #21: NumericTest.bitScanReverse ....................   Passed    0.00 sec
      Start 22: PrngTests.misc
22/42 Test #22: PrngTests.misc ................................   Passed    0.00 sec
      Start 23: TimerTest.TestDuration
23/42 Test #23: TimerTest.TestDuration ........................   Passed    1.00 sec
      Start 24: TimerTest.TestReset
24/42 Test #24: TimerTest.TestReset ...........................   Passed    1.00 sec
      Start 25: LoggingTests.BasicSinkTest
25/42 Test #25: LoggingTests.BasicSinkTest ....................   Passed    0.00 sec
      Start 26: LoggingTests.LevelFilterTestInfo
26/42 Test #26: LoggingTests.LevelFilterTestInfo ..............   Passed    0.00 sec
      Start 27: LoggingTests.LevelFilterTestWarning
27/42 Test #27: LoggingTests.LevelFilterTestWarning ...........   Passed    0.00 sec
      Start 28: LoggingTests.LevelFilterTestError
28/42 Test #28: LoggingTests.LevelFilterTestError .............   Passed    0.00 sec
      Start 29: LoggingTests.LevelFilterTestVerbose
29/42 Test #29: LoggingTests.LevelFilterTestVerbose ...........   Passed    0.00 sec
      Start 30: TrigonometryTest.integerSinePrecisionHigh
30/42 Test #30: TrigonometryTest.integerSinePrecisionHigh .....   Passed    0.00 sec
      Start 31: TrigonometryTest.integerCosinePrecisionHigh
31/42 Test #31: TrigonometryTest.integerCosinePrecisionHigh ...   Passed    0.00 sec
      Start 32: VectorTest.fastSquareRoot
32/42 Test #32: VectorTest.fastSquareRoot .....................   Passed    0.00 sec
      Start 33: VectorTest.distance
33/42 Test #33: VectorTest.distance ...........................   Passed    0.00 sec
      Start 34: VectorTest.manhattenDistance
34/42 Test #34: VectorTest.manhattenDistance ..................   Passed    0.00 sec
      Start 35: StringTests.iequals
35/42 Test #35: StringTests.iequals ...........................   Passed    0.00 sec
      Start 36: StringTests.equals
36/42 Test #36: StringTests.equals ............................   Passed    0.00 sec
      Start 37: StringTests.startsWith
37/42 Test #37: StringTests.startsWith ........................   Passed    0.00 sec
      Start 38: StringTests.endsWith
38/42 Test #38: StringTests.endsWith ..........................   Passed    0.00 sec
      Start 39: StringTests.strlcpy
39/42 Test #39: StringTests.strlcpy ...........................   Passed    0.00 sec
      Start 40: StringTests.strlcat
40/42 Test #40: StringTests.strlcat ...........................   Passed    0.00 sec
      Start 41: StringTests.split
41/42 Test #41: StringTests.split .............................   Passed    0.00 sec
      Start 42: StringTests.trim
42/42 Test #42: StringTests.trim ..............................   Passed    0.00 sec

100% tests passed, 0 tests failed out of 42

Total Test time (real) =   7.57 sec
