UpdateCTestConfiguration  from :/build/prometheus-cpp/src/prometheus-cpp-with-submodules/build/DartConfiguration.tcl
Test project /build/prometheus-cpp/src/prometheus-cpp-with-submodules/build
Constructing a list of tests
Done constructing a list of tests
Updating test list for fixtures
Added 0 tests to meet fixture requirements
Checking test dependency graph...
Checking test dependency graph end
test 1
    Start 1: prometheus_core_test

1: Test command: /build/prometheus-cpp/src/prometheus-cpp-with-submodules/build/bin/prometheus_core_test
1: Working Directory: /build/prometheus-cpp/src/prometheus-cpp-with-submodules/build/core/tests
1: Test timeout computed to be: 9999879
1: Running main() from gmock_main.cc
1: [==========] Running 148 tests from 12 test suites.
1: [----------] Global test environment set-up.
1: [----------] 5 tests from BuilderTest
1: [ RUN      ] BuilderTest.build_counter
1: [       OK ] BuilderTest.build_counter (0 ms)
1: [ RUN      ] BuilderTest.build_gauge
1: [       OK ] BuilderTest.build_gauge (0 ms)
1: [ RUN      ] BuilderTest.build_histogram
1: [       OK ] BuilderTest.build_histogram (0 ms)
1: [ RUN      ] BuilderTest.build_info
1: [       OK ] BuilderTest.build_info (0 ms)
1: [ RUN      ] BuilderTest.build_summary
1: [       OK ] BuilderTest.build_summary (0 ms)
1: [----------] 5 tests from BuilderTest (0 ms total)
1: 
1: [----------] 5 tests from CheckMetricNameTest
1: [ RUN      ] CheckMetricNameTest.empty_metric_name
1: [       OK ] CheckMetricNameTest.empty_metric_name (0 ms)
1: [ RUN      ] CheckMetricNameTest.good_metric_name
1: [       OK ] CheckMetricNameTest.good_metric_name (0 ms)
1: [ RUN      ] CheckMetricNameTest.numeric_metric_name
1: [       OK ] CheckMetricNameTest.numeric_metric_name (0 ms)
1: [ RUN      ] CheckMetricNameTest.reserved_metric_name
1: [       OK ] CheckMetricNameTest.reserved_metric_name (0 ms)
1: [ RUN      ] CheckMetricNameTest.malformed_metric_name
1: [       OK ] CheckMetricNameTest.malformed_metric_name (0 ms)
1: [----------] 5 tests from CheckMetricNameTest (0 ms total)
1: 
1: [----------] 6 tests from CounterTest
1: [ RUN      ] CounterTest.initialize_with_zero
1: [       OK ] CounterTest.initialize_with_zero (0 ms)
1: [ RUN      ] CounterTest.inc
1: [       OK ] CounterTest.inc (0 ms)
1: [ RUN      ] CounterTest.inc_number
1: [       OK ] CounterTest.inc_number (0 ms)
1: [ RUN      ] CounterTest.inc_multiple
1: [       OK ] CounterTest.inc_multiple (0 ms)
1: [ RUN      ] CounterTest.inc_negative_value
1: [       OK ] CounterTest.inc_negative_value (0 ms)
1: [ RUN      ] CounterTest.reset
1: [       OK ] CounterTest.reset (0 ms)
1: [----------] 6 tests from CounterTest (0 ms total)
1: 
1: [----------] 16 tests from FamilyTest
1: [ RUN      ] FamilyTest.labels
1: [       OK ] FamilyTest.labels (0 ms)
1: [ RUN      ] FamilyTest.reject_same_label_keys
1: [       OK ] FamilyTest.reject_same_label_keys (0 ms)
1: [ RUN      ] FamilyTest.counter_value
1: [       OK ] FamilyTest.counter_value (0 ms)
1: [ RUN      ] FamilyTest.remove
1: [       OK ] FamilyTest.remove (0 ms)
1: [ RUN      ] FamilyTest.removeUnknownMetricMustNotCrash
1: [       OK ] FamilyTest.removeUnknownMetricMustNotCrash (0 ms)
1: [ RUN      ] FamilyTest.Histogram
1: [       OK ] FamilyTest.Histogram (0 ms)
1: [ RUN      ] FamilyTest.add_twice
1: [       OK ] FamilyTest.add_twice (0 ms)
1: [ RUN      ] FamilyTest.throw_on_invalid_metric_name
1: [       OK ] FamilyTest.throw_on_invalid_metric_name (0 ms)
1: [ RUN      ] FamilyTest.throw_on_invalid_constant_label_name
1: [       OK ] FamilyTest.throw_on_invalid_constant_label_name (0 ms)
1: [ RUN      ] FamilyTest.should_throw_on_invalid_labels
1: [       OK ] FamilyTest.should_throw_on_invalid_labels (0 ms)
1: [ RUN      ] FamilyTest.should_not_collect_empty_metrics
1: [       OK ] FamilyTest.should_not_collect_empty_metrics (0 ms)
1: [ RUN      ] FamilyTest.query_family_if_metric_already_exists
1: [       OK ] FamilyTest.query_family_if_metric_already_exists (0 ms)
1: [ RUN      ] FamilyTest.reject_histogram_with_constant_le_label
1: [       OK ] FamilyTest.reject_histogram_with_constant_le_label (0 ms)
1: [ RUN      ] FamilyTest.reject_histogram_with_le_label
1: [       OK ] FamilyTest.reject_histogram_with_le_label (0 ms)
1: [ RUN      ] FamilyTest.reject_summary_with_constant_quantile_label
1: [       OK ] FamilyTest.reject_summary_with_constant_quantile_label (0 ms)
1: [ RUN      ] FamilyTest.reject_summary_with_quantile_label
1: [       OK ] FamilyTest.reject_summary_with_quantile_label (0 ms)
1: [----------] 16 tests from FamilyTest (0 ms total)
1: 
1: [----------] 11 tests from GaugeTest
1: [ RUN      ] GaugeTest.initialize_with_zero
1: [       OK ] GaugeTest.initialize_with_zero (0 ms)
1: [ RUN      ] GaugeTest.inc
1: [       OK ] GaugeTest.inc (0 ms)
1: [ RUN      ] GaugeTest.inc_number
1: [       OK ] GaugeTest.inc_number (0 ms)
1: [ RUN      ] GaugeTest.inc_multiple
1: [       OK ] GaugeTest.inc_multiple (0 ms)
1: [ RUN      ] GaugeTest.inc_negative_value
1: [       OK ] GaugeTest.inc_negative_value (0 ms)
1: [ RUN      ] GaugeTest.dec
1: [       OK ] GaugeTest.dec (0 ms)
1: [ RUN      ] GaugeTest.dec_negative_value
1: [       OK ] GaugeTest.dec_negative_value (0 ms)
1: [ RUN      ] GaugeTest.dec_number
1: [       OK ] GaugeTest.dec_number (0 ms)
1: [ RUN      ] GaugeTest.set
1: [       OK ] GaugeTest.set (0 ms)
1: [ RUN      ] GaugeTest.set_multiple
1: [       OK ] GaugeTest.set_multiple (0 ms)
1: [ RUN      ] GaugeTest.set_to_current_time
1: [       OK ] GaugeTest.set_to_current_time (0 ms)
1: [----------] 11 tests from GaugeTest (0 ms total)
1: 
1: [----------] 14 tests from HistogramTest
1: [ RUN      ] HistogramTest.initialize_with_zero
1: [       OK ] HistogramTest.initialize_with_zero (0 ms)
1: [ RUN      ] HistogramTest.sample_count
1: [       OK ] HistogramTest.sample_count (0 ms)
1: [ RUN      ] HistogramTest.sample_sum
1: [       OK ] HistogramTest.sample_sum (0 ms)
1: [ RUN      ] HistogramTest.bucket_size
1: [       OK ] HistogramTest.bucket_size (0 ms)
1: [ RUN      ] HistogramTest.bucket_bounds
1: [       OK ] HistogramTest.bucket_bounds (0 ms)
1: [ RUN      ] HistogramTest.reject_unsorted_bucket_bounds
1: [       OK ] HistogramTest.reject_unsorted_bucket_bounds (0 ms)
1: [ RUN      ] HistogramTest.reject_non_incrementing_bucket_bounds
1: [       OK ] HistogramTest.reject_non_incrementing_bucket_bounds (0 ms)
1: [ RUN      ] HistogramTest.bucket_counts_not_reset_by_collection
1: [       OK ] HistogramTest.bucket_counts_not_reset_by_collection (0 ms)
1: [ RUN      ] HistogramTest.cumulative_bucket_count
1: [       OK ] HistogramTest.cumulative_bucket_count (0 ms)
1: [ RUN      ] HistogramTest.observe_multiple_test_bucket_counts
1: [       OK ] HistogramTest.observe_multiple_test_bucket_counts (0 ms)
1: [ RUN      ] HistogramTest.observe_multiple_test_total_sum
1: [       OK ] HistogramTest.observe_multiple_test_total_sum (0 ms)
1: [ RUN      ] HistogramTest.observe_multiple_test_length_error
1: [       OK ] HistogramTest.observe_multiple_test_length_error (0 ms)
1: [ RUN      ] HistogramTest.test_reset
1: [       OK ] HistogramTest.test_reset (0 ms)
1: [ RUN      ] HistogramTest.sum_can_go_down
1: [       OK ] HistogramTest.sum_can_go_down (0 ms)
1: [----------] 14 tests from HistogramTest (0 ms total)
1: 
1: [----------] 12 tests from RegistryTest
1: [ RUN      ] RegistryTest.collect_single_metric_family
1: [       OK ] RegistryTest.collect_single_metric_family (0 ms)
1: [ RUN      ] RegistryTest.build_histogram_family
1: [       OK ] RegistryTest.build_histogram_family (0 ms)
1: [ RUN      ] RegistryTest.unable_to_remove_family
1: [       OK ] RegistryTest.unable_to_remove_family (0 ms)
1: [ RUN      ] RegistryTest.remove_and_readd_family
1: [       OK ] RegistryTest.remove_and_readd_family (0 ms)
1: [ RUN      ] RegistryTest.reject_different_type_than_counter
1: [       OK ] RegistryTest.reject_different_type_than_counter (0 ms)
1: [ RUN      ] RegistryTest.reject_different_type_than_gauge
1: [       OK ] RegistryTest.reject_different_type_than_gauge (0 ms)
1: [ RUN      ] RegistryTest.reject_different_type_than_histogram
1: [       OK ] RegistryTest.reject_different_type_than_histogram (0 ms)
1: [ RUN      ] RegistryTest.reject_different_type_than_info
1: [       OK ] RegistryTest.reject_different_type_than_info (0 ms)
1: [ RUN      ] RegistryTest.reject_different_type_than_summary
1: [       OK ] RegistryTest.reject_different_type_than_summary (0 ms)
1: [ RUN      ] RegistryTest.throw_for_same_family_name
1: [       OK ] RegistryTest.throw_for_same_family_name (0 ms)
1: [ RUN      ] RegistryTest.merge_same_families
1: [       OK ] RegistryTest.merge_same_families (0 ms)
1: [ RUN      ] RegistryTest.do_not_merge_families_with_different_labels
1: [       OK ] RegistryTest.do_not_merge_families_with_different_labels (0 ms)
1: [----------] 12 tests from RegistryTest (0 ms total)
1: 
1: [----------] 2 tests from SerializerTest
1: [ RUN      ] SerializerTest.shouldSerializeLocaleIndependent
1: [       OK ] SerializerTest.shouldSerializeLocaleIndependent (0 ms)
1: [ RUN      ] SerializerTest.shouldRestoreStreamState
1: [       OK ] SerializerTest.shouldRestoreStreamState (0 ms)
1: [----------] 2 tests from SerializerTest (0 ms total)
1: 
1: [----------] 8 tests from SummaryTest
1: [ RUN      ] SummaryTest.initialize_with_zero
1: [       OK ] SummaryTest.initialize_with_zero (0 ms)
1: [ RUN      ] SummaryTest.sample_count
1: [       OK ] SummaryTest.sample_count (0 ms)
1: [ RUN      ] SummaryTest.sample_sum
1: [       OK ] SummaryTest.sample_sum (0 ms)
1: [ RUN      ] SummaryTest.quantile_size
1: [       OK ] SummaryTest.quantile_size (0 ms)
1: [ RUN      ] SummaryTest.quantile_bounds
1: [       OK ] SummaryTest.quantile_bounds (0 ms)
1: [ RUN      ] SummaryTest.quantile_values
1: [       OK ] SummaryTest.quantile_values (47 ms)
1: [ RUN      ] SummaryTest.max_age
1: [       OK ] SummaryTest.max_age (1200 ms)
1: [ RUN      ] SummaryTest.construction_with_dynamic_quantile_vector
1: [       OK ] SummaryTest.construction_with_dynamic_quantile_vector (0 ms)
1: [----------] 8 tests from SummaryTest (1247 ms total)
1: 
1: [----------] 12 tests from TextSerializerTest
1: [ RUN      ] TextSerializerTest.shouldSerializeNotANumber
1: [       OK ] TextSerializerTest.shouldSerializeNotANumber (0 ms)
1: [ RUN      ] TextSerializerTest.shouldSerializeNegativeInfinity
1: [       OK ] TextSerializerTest.shouldSerializeNegativeInfinity (0 ms)
1: [ RUN      ] TextSerializerTest.shouldSerializePositiveInfinity
1: [       OK ] TextSerializerTest.shouldSerializePositiveInfinity (0 ms)
1: [ RUN      ] TextSerializerTest.shouldEscapeBackslash
1: [       OK ] TextSerializerTest.shouldEscapeBackslash (0 ms)
1: [ RUN      ] TextSerializerTest.shouldEscapeNewline
1: [       OK ] TextSerializerTest.shouldEscapeNewline (0 ms)
1: [ RUN      ] TextSerializerTest.shouldEscapeDoubleQuote
1: [       OK ] TextSerializerTest.shouldEscapeDoubleQuote (0 ms)
1: [ RUN      ] TextSerializerTest.shouldSerializeUntyped
1: [       OK ] TextSerializerTest.shouldSerializeUntyped (0 ms)
1: [ RUN      ] TextSerializerTest.shouldSerializeTimestamp
1: [       OK ] TextSerializerTest.shouldSerializeTimestamp (0 ms)
1: [ RUN      ] TextSerializerTest.shouldSerializeHistogramWithNoBuckets
1: [       OK ] TextSerializerTest.shouldSerializeHistogramWithNoBuckets (0 ms)
1: [ RUN      ] TextSerializerTest.shouldSerializeHistogram
1: [       OK ] TextSerializerTest.shouldSerializeHistogram (0 ms)
1: [ RUN      ] TextSerializerTest.shouldSerializeInfo
1: [       OK ] TextSerializerTest.shouldSerializeInfo (0 ms)
1: [ RUN      ] TextSerializerTest.shouldSerializeSummary
1: [       OK ] TextSerializerTest.shouldSerializeSummary (0 ms)
1: [----------] 12 tests from TextSerializerTest (0 ms total)
1: 
1: [----------] 3 tests from UtilsTest
1: [ RUN      ] UtilsTest.hash_labels_1
1: [       OK ] UtilsTest.hash_labels_1 (0 ms)
1: [ RUN      ] UtilsTest.hash_labels_2
1: [       OK ] UtilsTest.hash_labels_2 (0 ms)
1: [ RUN      ] UtilsTest.hash_label_3
1: [       OK ] UtilsTest.hash_label_3 (0 ms)
1: [----------] 3 tests from UtilsTest (0 ms total)
1: 
1: [----------] 54 tests from AllMetricTypes/CheckLabelNameTest
1: [ RUN      ] AllMetricTypes/CheckLabelNameTest.empty_label_name/0
1: [       OK ] AllMetricTypes/CheckLabelNameTest.empty_label_name/0 (0 ms)
1: [ RUN      ] AllMetricTypes/CheckLabelNameTest.empty_label_name/1
1: [       OK ] AllMetricTypes/CheckLabelNameTest.empty_label_name/1 (0 ms)
1: [ RUN      ] AllMetricTypes/CheckLabelNameTest.empty_label_name/2
1: [       OK ] AllMetricTypes/CheckLabelNameTest.empty_label_name/2 (0 ms)
1: [ RUN      ] AllMetricTypes/CheckLabelNameTest.empty_label_name/3
1: [       OK ] AllMetricTypes/CheckLabelNameTest.empty_label_name/3 (0 ms)
1: [ RUN      ] AllMetricTypes/CheckLabelNameTest.empty_label_name/4
1: [       OK ] AllMetricTypes/CheckLabelNameTest.empty_label_name/4 (0 ms)
1: [ RUN      ] AllMetricTypes/CheckLabelNameTest.empty_label_name/5
1: [       OK ] AllMetricTypes/CheckLabelNameTest.empty_label_name/5 (0 ms)
1: [ RUN      ] AllMetricTypes/CheckLabelNameTest.invalid_label_name/0
1: [       OK ] AllMetricTypes/CheckLabelNameTest.invalid_label_name/0 (0 ms)
1: [ RUN      ] AllMetricTypes/CheckLabelNameTest.invalid_label_name/1
1: [       OK ] AllMetricTypes/CheckLabelNameTest.invalid_label_name/1 (0 ms)
1: [ RUN      ] AllMetricTypes/CheckLabelNameTest.invalid_label_name/2
1: [       OK ] AllMetricTypes/CheckLabelNameTest.invalid_label_name/2 (0 ms)
1: [ RUN      ] AllMetricTypes/CheckLabelNameTest.invalid_label_name/3
1: [       OK ] AllMetricTypes/CheckLabelNameTest.invalid_label_name/3 (0 ms)
1: [ RUN      ] AllMetricTypes/CheckLabelNameTest.invalid_label_name/4
1: [       OK ] AllMetricTypes/CheckLabelNameTest.invalid_label_name/4 (0 ms)
1: [ RUN      ] AllMetricTypes/CheckLabelNameTest.invalid_label_name/5
1: [       OK ] AllMetricTypes/CheckLabelNameTest.invalid_label_name/5 (0 ms)
1: [ RUN      ] AllMetricTypes/CheckLabelNameTest.leading_invalid_label_name/0
1: [       OK ] AllMetricTypes/CheckLabelNameTest.leading_invalid_label_name/0 (0 ms)
1: [ RUN      ] AllMetricTypes/CheckLabelNameTest.leading_invalid_label_name/1
1: [       OK ] AllMetricTypes/CheckLabelNameTest.leading_invalid_label_name/1 (0 ms)
1: [ RUN      ] AllMetricTypes/CheckLabelNameTest.leading_invalid_label_name/2
1: [       OK ] AllMetricTypes/CheckLabelNameTest.leading_invalid_label_name/2 (0 ms)
1: [ RUN      ] AllMetricTypes/CheckLabelNameTest.leading_invalid_label_name/3
1: [       OK ] AllMetricTypes/CheckLabelNameTest.leading_invalid_label_name/3 (0 ms)
1: [ RUN      ] AllMetricTypes/CheckLabelNameTest.leading_invalid_label_name/4
1: [       OK ] AllMetricTypes/CheckLabelNameTest.leading_invalid_label_name/4 (0 ms)
1: [ RUN      ] AllMetricTypes/CheckLabelNameTest.leading_invalid_label_name/5
1: [       OK ] AllMetricTypes/CheckLabelNameTest.leading_invalid_label_name/5 (0 ms)
1: [ RUN      ] AllMetricTypes/CheckLabelNameTest.trailing_invalid_label_name/0
1: [       OK ] AllMetricTypes/CheckLabelNameTest.trailing_invalid_label_name/0 (0 ms)
1: [ RUN      ] AllMetricTypes/CheckLabelNameTest.trailing_invalid_label_name/1
1: [       OK ] AllMetricTypes/CheckLabelNameTest.trailing_invalid_label_name/1 (0 ms)
1: [ RUN      ] AllMetricTypes/CheckLabelNameTest.trailing_invalid_label_name/2
1: [       OK ] AllMetricTypes/CheckLabelNameTest.trailing_invalid_label_name/2 (0 ms)
1: [ RUN      ] AllMetricTypes/CheckLabelNameTest.trailing_invalid_label_name/3
1: [       OK ] AllMetricTypes/CheckLabelNameTest.trailing_invalid_label_name/3 (0 ms)
1: [ RUN      ] AllMetricTypes/CheckLabelNameTest.trailing_invalid_label_name/4
1: [       OK ] AllMetricTypes/CheckLabelNameTest.trailing_invalid_label_name/4 (0 ms)
1: [ RUN      ] AllMetricTypes/CheckLabelNameTest.trailing_invalid_label_name/5
1: [       OK ] AllMetricTypes/CheckLabelNameTest.trailing_invalid_label_name/5 (0 ms)
1: [ RUN      ] AllMetricTypes/CheckLabelNameTest.good_label_name/0
1: [       OK ] AllMetricTypes/CheckLabelNameTest.good_label_name/0 (0 ms)
1: [ RUN      ] AllMetricTypes/CheckLabelNameTest.good_label_name/1
1: [       OK ] AllMetricTypes/CheckLabelNameTest.good_label_name/1 (0 ms)
1: [ RUN      ] AllMetricTypes/CheckLabelNameTest.good_label_name/2
1: [       OK ] AllMetricTypes/CheckLabelNameTest.good_label_name/2 (0 ms)
1: [ RUN      ] AllMetricTypes/CheckLabelNameTest.good_label_name/3
1: [       OK ] AllMetricTypes/CheckLabelNameTest.good_label_name/3 (0 ms)
1: [ RUN      ] AllMetricTypes/CheckLabelNameTest.good_label_name/4
1: [       OK ] AllMetricTypes/CheckLabelNameTest.good_label_name/4 (0 ms)
1: [ RUN      ] AllMetricTypes/CheckLabelNameTest.good_label_name/5
1: [       OK ] AllMetricTypes/CheckLabelNameTest.good_label_name/5 (0 ms)
1: [ RUN      ] AllMetricTypes/CheckLabelNameTest.numeric_label_name/0
1: [       OK ] AllMetricTypes/CheckLabelNameTest.numeric_label_name/0 (0 ms)
1: [ RUN      ] AllMetricTypes/CheckLabelNameTest.numeric_label_name/1
1: [       OK ] AllMetricTypes/CheckLabelNameTest.numeric_label_name/1 (0 ms)
1: [ RUN      ] AllMetricTypes/CheckLabelNameTest.numeric_label_name/2
1: [       OK ] AllMetricTypes/CheckLabelNameTest.numeric_label_name/2 (0 ms)
1: [ RUN      ] AllMetricTypes/CheckLabelNameTest.numeric_label_name/3
1: [       OK ] AllMetricTypes/CheckLabelNameTest.numeric_label_name/3 (0 ms)
1: [ RUN      ] AllMetricTypes/CheckLabelNameTest.numeric_label_name/4
1: [       OK ] AllMetricTypes/CheckLabelNameTest.numeric_label_name/4 (0 ms)
1: [ RUN      ] AllMetricTypes/CheckLabelNameTest.numeric_label_name/5
1: [       OK ] AllMetricTypes/CheckLabelNameTest.numeric_label_name/5 (0 ms)
1: [ RUN      ] AllMetricTypes/CheckLabelNameTest.reserved_label_name/0
1: [       OK ] AllMetricTypes/CheckLabelNameTest.reserved_label_name/0 (0 ms)
1: [ RUN      ] AllMetricTypes/CheckLabelNameTest.reserved_label_name/1
1: [       OK ] AllMetricTypes/CheckLabelNameTest.reserved_label_name/1 (0 ms)
1: [ RUN      ] AllMetricTypes/CheckLabelNameTest.reserved_label_name/2
1: [       OK ] AllMetricTypes/CheckLabelNameTest.reserved_label_name/2 (0 ms)
1: [ RUN      ] AllMetricTypes/CheckLabelNameTest.reserved_label_name/3
1: [       OK ] AllMetricTypes/CheckLabelNameTest.reserved_label_name/3 (0 ms)
1: [ RUN      ] AllMetricTypes/CheckLabelNameTest.reserved_label_name/4
1: [       OK ] AllMetricTypes/CheckLabelNameTest.reserved_label_name/4 (0 ms)
1: [ RUN      ] AllMetricTypes/CheckLabelNameTest.reserved_label_name/5
1: [       OK ] AllMetricTypes/CheckLabelNameTest.reserved_label_name/5 (0 ms)
1: [ RUN      ] AllMetricTypes/CheckLabelNameTest.reject_le_for_histogram/0
1: [       OK ] AllMetricTypes/CheckLabelNameTest.reject_le_for_histogram/0 (0 ms)
1: [ RUN      ] AllMetricTypes/CheckLabelNameTest.reject_le_for_histogram/1
1: [       OK ] AllMetricTypes/CheckLabelNameTest.reject_le_for_histogram/1 (0 ms)
1: [ RUN      ] AllMetricTypes/CheckLabelNameTest.reject_le_for_histogram/2
1: [       OK ] AllMetricTypes/CheckLabelNameTest.reject_le_for_histogram/2 (0 ms)
1: [ RUN      ] AllMetricTypes/CheckLabelNameTest.reject_le_for_histogram/3
1: [       OK ] AllMetricTypes/CheckLabelNameTest.reject_le_for_histogram/3 (0 ms)
1: [ RUN      ] AllMetricTypes/CheckLabelNameTest.reject_le_for_histogram/4
1: [       OK ] AllMetricTypes/CheckLabelNameTest.reject_le_for_histogram/4 (0 ms)
1: [ RUN      ] AllMetricTypes/CheckLabelNameTest.reject_le_for_histogram/5
1: [       OK ] AllMetricTypes/CheckLabelNameTest.reject_le_for_histogram/5 (0 ms)
1: [ RUN      ] AllMetricTypes/CheckLabelNameTest.reject_quantile_for_histogram/0
1: [       OK ] AllMetricTypes/CheckLabelNameTest.reject_quantile_for_histogram/0 (0 ms)
1: [ RUN      ] AllMetricTypes/CheckLabelNameTest.reject_quantile_for_histogram/1
1: [       OK ] AllMetricTypes/CheckLabelNameTest.reject_quantile_for_histogram/1 (0 ms)
1: [ RUN      ] AllMetricTypes/CheckLabelNameTest.reject_quantile_for_histogram/2
1: [       OK ] AllMetricTypes/CheckLabelNameTest.reject_quantile_for_histogram/2 (0 ms)
1: [ RUN      ] AllMetricTypes/CheckLabelNameTest.reject_quantile_for_histogram/3
1: [       OK ] AllMetricTypes/CheckLabelNameTest.reject_quantile_for_histogram/3 (0 ms)
1: [ RUN      ] AllMetricTypes/CheckLabelNameTest.reject_quantile_for_histogram/4
1: [       OK ] AllMetricTypes/CheckLabelNameTest.reject_quantile_for_histogram/4 (0 ms)
1: [ RUN      ] AllMetricTypes/CheckLabelNameTest.reject_quantile_for_histogram/5
1: [       OK ] AllMetricTypes/CheckLabelNameTest.reject_quantile_for_histogram/5 (0 ms)
1: [----------] 54 tests from AllMetricTypes/CheckLabelNameTest (0 ms total)
1: 
1: [----------] Global test environment tear-down
1: [==========] 148 tests from 12 test suites ran. (1248 ms total)
1: [  PASSED  ] 148 tests.
1/5 Test #1: prometheus_core_test ...............   Passed    1.25 sec
test 2
    Start 2: prometheus_util_test

2: Test command: /build/prometheus-cpp/src/prometheus-cpp-with-submodules/build/bin/prometheus_util_test
2: Working Directory: /build/prometheus-cpp/src/prometheus-cpp-with-submodules/build/util/tests/unit
2: Test timeout computed to be: 9999878
2: Running main() from gmock_main.cc
2: [==========] Running 6 tests from 1 test suite.
2: [----------] Global test environment set-up.
2: [----------] 6 tests from Base64Test
2: [ RUN      ] Base64Test.encodeTest
2: [       OK ] Base64Test.encodeTest (0 ms)
2: [ RUN      ] Base64Test.encodeUrlTest
2: [       OK ] Base64Test.encodeUrlTest (0 ms)
2: [ RUN      ] Base64Test.decodeTest
2: [       OK ] Base64Test.decodeTest (0 ms)
2: [ RUN      ] Base64Test.rejectInvalidSymbols
2: [       OK ] Base64Test.rejectInvalidSymbols (0 ms)
2: [ RUN      ] Base64Test.rejectInvalidInputSize
2: [       OK ] Base64Test.rejectInvalidInputSize (0 ms)
2: [ RUN      ] Base64Test.rejectInvalidPadding
2: [       OK ] Base64Test.rejectInvalidPadding (0 ms)
2: [----------] 6 tests from Base64Test (0 ms total)
2: 
2: [----------] Global test environment tear-down
2: [==========] 6 tests from 1 test suite ran. (0 ms total)
2: [  PASSED  ] 6 tests.
2/5 Test #2: prometheus_util_test ...............   Passed    0.00 sec
test 3
    Start 3: prometheus_pull_integration_test

3: Test command: /build/prometheus-cpp/src/prometheus-cpp-with-submodules/build/bin/prometheus_pull_integration_test
3: Working Directory: /build/prometheus-cpp/src/prometheus-cpp-with-submodules/build/pull/tests/integration
3: Test timeout computed to be: 9999878
3: Running main() from gmock_main.cc
3: [==========] Running 13 tests from 2 test suites.
3: [----------] Global test environment set-up.
3: [----------] 7 tests from IntegrationTest
3: [ RUN      ] IntegrationTest.doesNotExposeAnythingOnDefaultPath
3: [       OK ] IntegrationTest.doesNotExposeAnythingOnDefaultPath (206 ms)
3: [ RUN      ] IntegrationTest.exposeSingleCounter
3: [       OK ] IntegrationTest.exposeSingleCounter (201 ms)
3: [ RUN      ] IntegrationTest.exposesCountersOnDifferentUrls
3: [       OK ] IntegrationTest.exposesCountersOnDifferentUrls (201 ms)
3: [ RUN      ] IntegrationTest.unexposeRegistry
3: [       OK ] IntegrationTest.unexposeRegistry (201 ms)
3: [ RUN      ] IntegrationTest.acceptOptionalCompression
3: [       OK ] IntegrationTest.acceptOptionalCompression (201 ms)
3: [ RUN      ] IntegrationTest.shouldDealWithExpiredCollectables
3: [       OK ] IntegrationTest.shouldDealWithExpiredCollectables (201 ms)
3: [ RUN      ] IntegrationTest.shouldSendBodyAsUtf8
3: [       OK ] IntegrationTest.shouldSendBodyAsUtf8 (201 ms)
3: [----------] 7 tests from IntegrationTest (1416 ms total)
3: 
3: [----------] 6 tests from BasicAuthIntegrationTest
3: [ RUN      ] BasicAuthIntegrationTest.shouldPerformProperAuthentication
3: [       OK ] BasicAuthIntegrationTest.shouldPerformProperAuthentication (201 ms)
3: [ RUN      ] BasicAuthIntegrationTest.shouldRejectRequestWithoutAuthorization
3: [       OK ] BasicAuthIntegrationTest.shouldRejectRequestWithoutAuthorization (201 ms)
3: [ RUN      ] BasicAuthIntegrationTest.shouldRejectRequestWithWrongUsername
3: [       OK ] BasicAuthIntegrationTest.shouldRejectRequestWithWrongUsername (201 ms)
3: [ RUN      ] BasicAuthIntegrationTest.shouldRejectRequestWithWrongPassword
3: [       OK ] BasicAuthIntegrationTest.shouldRejectRequestWithWrongPassword (201 ms)
3: [ RUN      ] BasicAuthIntegrationTest.shouldRejectMalformedBase64
3: [       OK ] BasicAuthIntegrationTest.shouldRejectMalformedBase64 (201 ms)
3: [ RUN      ] BasicAuthIntegrationTest.shouldRejectMalformedBasicAuth
3: [       OK ] BasicAuthIntegrationTest.shouldRejectMalformedBasicAuth (201 ms)
3: [----------] 6 tests from BasicAuthIntegrationTest (1210 ms total)
3: 
3: [----------] Global test environment tear-down
3: [==========] 13 tests from 2 test suites ran. (2626 ms total)
3: [  PASSED  ] 13 tests.
3/5 Test #3: prometheus_pull_integration_test ...   Passed    2.63 sec
test 4
    Start 4: prometheus_pull_test

4: Test command: /build/prometheus-cpp/src/prometheus-cpp-with-submodules/build/bin/prometheus_pull_test
4: Working Directory: /build/prometheus-cpp/src/prometheus-cpp-with-submodules/build/pull/tests/unit
4: Test timeout computed to be: 9999876
4: Running main() from gmock_main.cc
4: [==========] Running 1 test from 1 test suite.
4: [----------] Global test environment set-up.
4: [----------] 1 test from ExposerTest
4: [ RUN      ] ExposerTest.listenOnDistinctPorts
4: [       OK ] ExposerTest.listenOnDistinctPorts (201 ms)
4: [----------] 1 test from ExposerTest (201 ms total)
4: 
4: [----------] Global test environment tear-down
4: [==========] 1 test from 1 test suite ran. (201 ms total)
4: [  PASSED  ] 1 test.
4/5 Test #4: prometheus_pull_test ...............   Passed    0.20 sec
test 5
    Start 5: prometheus_push_internal_test

5: Test command: /build/prometheus-cpp/src/prometheus-cpp-with-submodules/build/bin/prometheus_push_internal_test
5: Working Directory: /build/prometheus-cpp/src/prometheus-cpp-with-submodules/build/push/tests/internal
5: Test timeout computed to be: 9999875
5: Running main() from gmock_main.cc
5: [==========] Running 4 tests from 1 test suite.
5: [----------] Global test environment set-up.
5: [----------] 4 tests from LabelEncoderTest
5: [ RUN      ] LabelEncoderTest.regular
5: [       OK ] LabelEncoderTest.regular (0 ms)
5: [ RUN      ] LabelEncoderTest.empty
5: [       OK ] LabelEncoderTest.empty (0 ms)
5: [ RUN      ] LabelEncoderTest.path
5: [       OK ] LabelEncoderTest.path (0 ms)
5: [ RUN      ] LabelEncoderTest.unicode
5: [       OK ] LabelEncoderTest.unicode (0 ms)
5: [----------] 4 tests from LabelEncoderTest (0 ms total)
5: 
5: [----------] Global test environment tear-down
5: [==========] 4 tests from 1 test suite ran. (0 ms total)
5: [  PASSED  ] 4 tests.
5/5 Test #5: prometheus_push_internal_test ......   Passed    0.00 sec

The following tests passed:
	prometheus_core_test
	prometheus_util_test
	prometheus_pull_integration_test
	prometheus_pull_test
	prometheus_push_internal_test

100% tests passed, 0 tests failed out of 5

Total Test time (real) =   4.10 sec
