Test project /build/sayonara-player-git/src/build
      Start  1: AudioConverterTest
 1/96 Test  #1: AudioConverterTest ...............   Passed    0.02 sec
      Start  2: BookmarkStorageTest
 2/96 Test  #2: BookmarkStorageTest ..............   Passed    0.02 sec
      Start  3: FileSystemMockTest
 3/96 Test  #3: FileSystemMockTest ...............   Passed    0.02 sec
      Start  4: LibraryDatabaseProviderTest
 4/96 Test  #4: LibraryDatabaseProviderTest ......   Passed    0.03 sec
      Start  5: AudioscrobblerTest
 5/96 Test  #5: AudioscrobblerTest ...............   Passed    0.02 sec
      Start  6: CoverFetchManagerTest
 6/96 Test  #6: CoverFetchManagerTest ............   Passed    0.02 sec
      Start  7: CoverLocationTest
 7/96 Test  #7: CoverLocationTest ................   Passed    0.13 sec
      Start  8: AlbumTest
 8/96 Test  #8: AlbumTest ........................   Passed    0.04 sec
      Start  9: ArtistTest
 9/96 Test  #9: ArtistTest .......................   Passed    0.03 sec
      Start 10: BasicQueryTest
10/96 Test #10: BasicQueryTest ...................   Passed    0.02 sec
      Start 11: FixesTest
11/96 Test #11: FixesTest ........................   Passed    0.02 sec
      Start 12: LibraryDatabaseTest
12/96 Test #12: LibraryDatabaseTest ..............   Passed    0.04 sec
      Start 13: PlaylistDatabaseTest
13/96 Test #13: PlaylistDatabaseTest .............   Passed    0.02 sec
      Start 14: PodcastTest
14/96 Test #14: PodcastTest ......................   Passed    0.02 sec
      Start 15: TracksTest
15/96 Test #15: TracksTest .......................   Passed    0.03 sec
      Start 16: DirectorySelectionHandlerTest
16/96 Test #16: DirectorySelectionHandlerTest ....   Passed    0.02 sec
      Start 17: ArtistMatchTest
17/96 Test #17: ArtistMatchTest ..................   Passed    0.02 sec
      Start 18: DynamicPlaybackHandlerTest
18/96 Test #18: DynamicPlaybackHandlerTest .......   Passed    6.11 sec
      Start 19: LfmSimilarArtistFetcherTest
19/96 Test #19: LfmSimilarArtistFetcherTest ......   Passed    0.02 sec
      Start 20: LfmSimilarArtistParserTest
20/96 Test #20: LfmSimilarArtistParserTest .......   Passed    0.02 sec
      Start 21: BroadcastTest
21/96 Test #21: BroadcastTest ....................   Passed    0.11 sec
      Start 22: CallbackTest
22/96 Test #22: CallbackTest .....................   Passed    0.08 sec
      Start 23: EngineUtilsTest
23/96 Test #23: EngineUtilsTest ..................   Passed    0.08 sec
      Start 24: EqualizerTest
24/96 Test #24: EqualizerTest ....................   Passed    0.02 sec
      Start 25: HistoryTest
25/96 Test #25: HistoryTest ......................   Passed    0.03 sec
      Start 26: ScrobbleTest
26/96 Test #26: ScrobbleTest .....................   Passed    1.08 sec
      Start 27: CacheThreadTest
27/96 Test #27: CacheThreadTest ..................   Passed    0.02 sec
      Start 28: CopyThreadTest
28/96 Test #28: CopyThreadTest ...................   Passed    0.02 sec
      Start 29: GenreFetcherTest
29/96 Test #29: GenreFetcherTest .................   Passed    0.03 sec
      Start 30: GenreTreeBuilderTest
30/96 Test #30: GenreTreeBuilderTest .............   Passed    0.02 sec
      Start 31: ImportCacheTest
31/96 Test #31: ImportCacheTest ..................   Passed    0.02 sec
      Start 32: LibraryImporterTest
32/96 Test #32: LibraryImporterTest ..............   Passed    0.23 sec
      Start 33: LibraryManagerTest
33/96 Test #33: LibraryManagerTest ...............   Passed    0.07 sec
      Start 34: LocalLibraryTest
34/96 Test #34: LocalLibraryTest .................   Passed    0.03 sec
      Start 35: ReloadThreadTest
35/96 Test #35: ReloadThreadTest .................   Passed    0.14 sec
      Start 36: LibraryPluginHandlerTest
36/96 Test #36: LibraryPluginHandlerTest .........   Passed    0.02 sec
      Start 37: LyricsLogicTest
37/96 Test #37: LyricsLogicTest ..................   Passed    0.02 sec
      Start 38: LyricsServerProviderTest
38/96 Test #38: LyricsServerProviderTest .........   Passed    0.02 sec
      Start 39: PlayManagerTest
39/96 Test #39: PlayManagerTest ..................   Passed    0.02 sec
      Start 40: LibraryPlaylistInteractorTest
40/96 Test #40: LibraryPlaylistInteractorTest ....   Passed    0.49 sec
      Start 41: LocalPathPlaylistCreatorTest
41/96 Test #41: LocalPathPlaylistCreatorTest .....   Passed    0.02 sec
      Start 42: LocalPathProcessorTest
42/96 Test #42: LocalPathProcessorTest ...........   Passed    0.03 sec
      Start 43: PlaylistDbInterfaceTest
43/96 Test #43: PlaylistDbInterfaceTest ..........   Passed    0.03 sec
      Start 44: PlaylistFileTest
44/96 Test #44: PlaylistFileTest .................   Passed    0.02 sec
      Start 45: PlaylistHandlerTest
45/96 Test #45: PlaylistHandlerTest ..............   Passed    0.08 sec
      Start 46: PlaylistLoaderTest
46/96 Test #46: PlaylistLoaderTest ...............   Passed    0.06 sec
      Start 47: PlaylistShuffleTest
47/96 Test #47: PlaylistShuffleTest ..............   Passed    0.02 sec
      Start 48: PlaylistTest
48/96 Test #48: PlaylistTest .....................   Passed    0.02 sec
      Start 49: PlaylistTrackModifyTest
49/96 Test #49: PlaylistTrackModifyTest ..........   Passed    0.02 sec
      Start 50: RepeatTest
50/96 Test #50: RepeatTest .......................   Passed    0.02 sec
      Start 51: StopBehaviorTest
51/96 Test #51: StopBehaviorTest .................   Passed    0.02 sec
      Start 52: SettingConverterTest
52/96 Test #52: SettingConverterTest .............   Passed    0.02 sec
      Start 53: SettingsNotifierTest
53/96 Test #53: SettingsNotifierTest .............   Passed    0.02 sec
      Start 54: ConverterTest
54/96 Test #54: ConverterTest ....................   Passed    0.02 sec
      Start 55: ListeningDateTest
55/96 Test #55: ListeningDateTest ................   Passed    0.02 sec
      Start 56: SmartPlaylistManagerTest
56/96 Test #56: SmartPlaylistManagerTest .........   Passed    0.02 sec
      Start 57: StreamRecorderTest
57/96 Test #57: StreamRecorderTest ...............   Passed    0.02 sec
      Start 58: StreamRecorderUtilsTest
58/96 Test #58: StreamRecorderUtilsTest ..........   Passed    0.02 sec
      Start 59: RadioBrowserParserTest
59/96 Test #59: RadioBrowserParserTest ...........   Passed    0.02 sec
      Start 60: RadioStationParserTest
60/96 Test #60: RadioStationParserTest ...........   Passed    0.02 sec
      Start 61: StreamHandlerTest
61/96 Test #61: StreamHandlerTest ................   Passed    0.02 sec
      Start 62: AlbumArtistTest
62/96 Test #62: AlbumArtistTest ..................   Passed    0.02 sec
      Start 63: CoverEditTest
63/96 Test #63: CoverEditTest ....................   Passed    1.41 sec
      Start 64: CoverTest
64/96 Test #64: CoverTest ........................   Passed    0.17 sec
      Start 65: DiscnumberTest
65/96 Test #65: DiscnumberTest ...................   Passed    0.02 sec
      Start 66: EditorTest
66/96 Test #66: EditorTest .......................   Passed    0.27 sec
      Start 67: LyricsTest
67/96 Test #67: LyricsTest .......................   Passed    0.02 sec
      Start 68: RatingTest
68/96 Test #68: RatingTest .......................   Passed    0.04 sec
      Start 69: TagFromPathTest
69/96 Test #69: TagFromPathTest ..................   Passed    0.02 sec
      Start 70: TaggingTest
70/96 Test #70: TaggingTest ......................   Passed    0.03 sec
      Start 71: ASXParserTest
71/96 Test #71: ASXParserTest ....................   Passed    0.02 sec
      Start 72: AlbumClassTest
72/96 Test #72: AlbumClassTest ...................   Passed    0.02 sec
      Start 73: AsyncWebAccessTest
73/96 Test #73: AsyncWebAccessTest ...............   Passed    6.73 sec
      Start 74: CissearchTest
74/96 Test #74: CissearchTest ....................   Passed    0.03 sec
      Start 75: CryptTest
75/96 Test #75: CryptTest ........................   Passed    0.02 sec
      Start 76: DirectoryReaderTest
76/96 Test #76: DirectoryReaderTest ..............   Passed    0.02 sec
      Start 77: FileHelperTest
77/96 Test #77: FileHelperTest ...................   Passed    0.02 sec
      Start 78: LanguageKeyTest
78/96 Test #78: LanguageKeyTest ..................   Passed    0.01 sec
      Start 79: LanguageUtilTest
79/96 Test #79: LanguageUtilTest .................   Passed    0.02 sec
      Start 80: LibraryFilterTest
80/96 Test #80: LibraryFilterTest ................   Passed    0.02 sec
      Start 81: M3UParserTest
81/96 Test #81: M3UParserTest ....................   Passed    0.02 sec
      Start 82: MetaDataListTest
82/96 Test #82: MetaDataListTest .................   Passed    0.09 sec
      Start 83: MetaDataSortingTest
83/96 Test #83: MetaDataSortingTest ..............   Passed    0.02 sec
      Start 84: MetaDataTest
84/96 Test #84: MetaDataTest .....................   Passed    0.02 sec
      Start 85: MimeDataTest
85/96 Test #85: MimeDataTest .....................   Passed    0.02 sec
      Start 86: PlaylistModeTest
86/96 Test #86: PlaylistModeTest .................   Passed    0.02 sec
      Start 87: PlsParserTest
87/96 Test #87: PlsParserTest ....................   Passed    0.02 sec
      Start 88: PodcastParserTest
88/96 Test #88: PodcastParserTest ................   Passed    0.03 sec
      Start 89: Ranges
89/96 Test #89: Ranges ...........................   Passed    0.02 sec
      Start 90: SetTest
90/96 Test #90: SetTest ..........................   Passed    0.01 sec
      Start 91: SettingsTest
91/96 Test #91: SettingsTest .....................   Passed    0.02 sec
      Start 92: SortingTest
92/96 Test #92: SortingTest ......................   Passed    0.02 sec
      Start 93: StandardPathTest
93/96 Test #93: StandardPathTest .................   Passed    0.02 sec
      Start 94: StreamParserTest
94/96 Test #94: StreamParserTest .................   Passed    0.31 sec
      Start 95: TreeTest
95/96 Test #95: TreeTest .........................   Passed    0.02 sec
      Start 96: UtilTest
96/96 Test #96: UtilTest .........................   Passed    0.02 sec

100% tests passed, 0 tests failed out of 96

Total Test time (real) =  19.33 sec
