Test project /build/vegastrike-engine-git/src/build
      Start  1: VegaDisk.DiskObjectDefault
 1/55 Test  #1: VegaDisk.DiskObjectDefault ..............................   Passed    0.00 sec
      Start  2: VegaDisk.DiskObjectProperties
 2/55 Test  #2: VegaDisk.DiskObjectProperties ...........................   Passed    0.00 sec
      Start  3: OperationalTests.DamageSystems
 3/55 Test  #3: OperationalTests.DamageSystems ..........................   Passed    0.01 sec
      Start  4: UtilsTests.PrintFormattedComponentInHud
 4/55 Test  #4: UtilsTests.PrintFormattedComponentInHud .................   Passed    0.01 sec
      Start  5: JumpDrive.Damage
 5/55 Test  #5: JumpDrive.Damage ........................................   Passed    0.00 sec
      Start  6: Afterburner.Sanity
 6/55 Test  #6: Afterburner.Sanity ......................................   Passed    0.00 sec
      Start  7: Afterburner.UpgradeDowngrade
 7/55 Test  #7: Afterburner.UpgradeDowngrade ............................   Passed    0.00 sec
      Start  8: Drive.Sanity
 8/55 Test  #8: Drive.Sanity ............................................   Passed    0.00 sec
      Start  9: Drive.UpgradeDowngrade
 9/55 Test  #9: Drive.UpgradeDowngrade ..................................   Passed    0.00 sec
      Start 10: FuelBurn.Trivial
10/55 Test #10: FuelBurn.Trivial ........................................   Passed    0.01 sec
      Start 11: FuelBurn.RobinNaive_1
11/55 Test #11: FuelBurn.RobinNaive_1 ...................................   Passed    0.00 sec
      Start 12: FuelBurn.RobinNaive_2
12/55 Test #12: FuelBurn.RobinNaive_2 ...................................   Passed    0.00 sec
      Start 13: EnergyContainer.Sanity
13/55 Test #13: EnergyContainer.Sanity ..................................   Passed    0.00 sec
      Start 14: EnergyContainer.Upgrade
14/55 Test #14: EnergyContainer.Upgrade .................................   Passed    0.00 sec
      Start 15: Python.Sanity
15/55 Test #15: Python.Sanity ...........................................   Passed    0.00 sec
      Start 16: Python.Call_Function
16/55 Test #16: Python.Call_Function ....................................   Passed    0.04 sec
      Start 17: Random.Sanity
17/55 Test #17: Random.Sanity ...........................................   Passed    0.01 sec
      Start 18: Manifest.GetItems
18/55 Test #18: Manifest.GetItems .......................................   Passed    0.00 sec
      Start 19: Manifest.GetCargoByName
19/55 Test #19: Manifest.GetCargoByName .................................   Passed    0.01 sec
      Start 20: Manifest.EmptyAndSize
20/55 Test #20: Manifest.EmptyAndSize ...................................   Passed    0.01 sec
      Start 21: Manifest.GetIndex
21/55 Test #21: Manifest.GetIndex .......................................   Passed    0.00 sec
      Start 22: Manifest.HasCargo
22/55 Test #22: Manifest.HasCargo .......................................   Passed    0.01 sec
      Start 23: Manifest.GetRandomCargo
23/55 Test #23: Manifest.GetRandomCargo .................................   Passed    0.00 sec
      Start 24: Manifest.GetCategoryManifest
24/55 Test #24: Manifest.GetCategoryManifest ............................   Passed    0.00 sec
      Start 25: Manifest.Singleton
25/55 Test #25: Manifest.Singleton ......................................   Passed    0.00 sec
      Start 26: Resource.Operators
26/55 Test #26: Resource.Operators ......................................   Passed    0.01 sec
      Start 27: Resource.Methods
27/55 Test #27: Resource.Methods ........................................   Passed    0.00 sec
      Start 28: Resource.Damage_Repair
28/55 Test #28: Resource.Damage_Repair ..................................   Passed    0.00 sec
      Start 29: Resource.Serialization
29/55 Test #29: Resource.Serialization ..................................   Passed    0.01 sec
      Start 30: Store.Sanity
30/55 Test #30: Store.Sanity ............................................   Passed    0.00 sec
      Start 31: Cargo.Sanity
31/55 Test #31: Cargo.Sanity ............................................   Passed    0.01 sec
      Start 32: Cargo.ConstructorAndGetters
32/55 Test #32: Cargo.ConstructorAndGetters .............................   Passed    0.00 sec
      Start 33: Cargo.Setters
33/55 Test #33: Cargo.Setters ...........................................   Passed    0.00 sec
      Start 34: Cargo.EqualityOperators
34/55 Test #34: Cargo.EqualityOperators .................................   Passed    0.00 sec
      Start 35: Cargo.Serialization
35/55 Test #35: Cargo.Serialization .....................................   Passed    0.01 sec
      Start 36: Cargo.IsPassengerAndIsSlave
36/55 Test #36: Cargo.IsPassengerAndIsSlave .............................   Passed    0.01 sec
      Start 37: Cargo.AddAndRemoveQuantity
37/55 Test #37: Cargo.AddAndRemoveQuantity ..............................   Passed    0.00 sec
      Start 38: Cargo.CopyAndAssignment
38/55 Test #38: Cargo.CopyAndAssignment .................................   Passed    0.01 sec
      Start 39: Cargo.Functionality
39/55 Test #39: Cargo.Functionality .....................................   Passed    0.00 sec
      Start 40: DamageableObject.Sanity
40/55 Test #40: DamageableObject.Sanity .................................   Passed    0.00 sec
      Start 41: Layer.Sanity
41/55 Test #41: Layer.Sanity ............................................   Passed    0.00 sec
      Start 42: QVector.Cast_Performance
42/55 Test #42: QVector.Cast_Performance ................................   Passed    0.67 sec
      Start 43: Vector.Cast_Performance
43/55 Test #43: Vector.Cast_Performance .................................   Passed    0.66 sec
      Start 44: vega_dynamic_cast_ptr.Performance
44/55 Test #44: vega_dynamic_cast_ptr.Performance .......................   Passed    0.01 sec
      Start 45: vega_dynamic_const_cast_ptr.Performance
45/55 Test #45: vega_dynamic_const_cast_ptr.Performance .................   Passed    0.01 sec
      Start 46: configuration.const_Performance
46/55 Test #46: configuration.const_Performance .........................   Passed    0.01 sec
      Start 47: configuration.static_optional_Performance
47/55 Test #47: configuration.static_optional_Performance ...............   Passed    0.01 sec
      Start 48: configuration.Performance_of_static_optional_with_get
48/55 Test #48: configuration.Performance_of_static_optional_with_get ...   Passed    0.01 sec
      Start 49: LoadConfig.Sanity
49/55 Test #49: LoadConfig.Sanity .......................................   Passed    0.01 sec
      Start 50: GameConfig.GetFloat_Performance
50/55 Test #50: GameConfig.GetFloat_Performance .........................   Passed    0.01 sec
      Start 51: GFXQuadList.GFXVertex
51/55 Test #51: GFXQuadList.GFXVertex ...................................   Passed    0.00 sec
      Start 52: GFXQuadList.GFXColorVertex
52/55 Test #52: GFXQuadList.GFXColorVertex ..............................   Passed    0.01 sec
      Start 53: GFXColorVertex.SetVtx
53/55 Test #53: GFXColorVertex.SetVtx ...................................   Passed    0.01 sec
      Start 54: JSON.Sanity
54/55 Test #54: JSON.Sanity .............................................   Passed    0.01 sec
      Start 55: CSV.Sanity
55/55 Test #55: CSV.Sanity ..............................................   Passed    0.00 sec

100% tests passed, 0 tests failed out of 55

Total Test time (real) =   1.64 sec
