Test project /build/vegastrike-engine/src/build
      Start  1: Manifest.Random
 1/11 Test  #1: Manifest.Random ..................   Passed    0.00 sec
      Start  2: Manifest.MPL
 2/11 Test  #2: Manifest.MPL .....................   Passed    0.00 sec
      Start  3: Resource.Sanity
 3/11 Test  #3: Resource.Sanity ..................   Passed    0.00 sec
      Start  4: Store.Sanity
 4/11 Test  #4: Store.Sanity .....................   Passed    0.00 sec
      Start  5: DamageableObject.Sanity
 5/11 Test  #5: DamageableObject.Sanity ..........   Passed    0.00 sec
      Start  6: Layer.Sanity
 6/11 Test  #6: Layer.Sanity .....................   Passed    0.00 sec
      Start  7: Shield.Sanity
 7/11 Test  #7: Shield.Sanity ....................   Passed    0.00 sec
      Start  8: Armor.Sanity
 8/11 Test  #8: Armor.Sanity .....................   Passed    0.00 sec
      Start  9: LoadConfig.Sanity
 9/11 Test  #9: LoadConfig.Sanity ................   Passed    0.01 sec
      Start 10: JSON.Sanity
10/11 Test #10: JSON.Sanity ......................   Passed    0.00 sec
      Start 11: CSV.Sanity
11/11 Test #11: CSV.Sanity .......................   Passed    0.00 sec

100% tests passed, 0 tests failed out of 11

Total Test time (real) =   0.04 sec
