Test project /build/vegastrike-engine-git/src/build
      Start  1: OperationalTests.DamageSystems
 1/26 Test  #1: OperationalTests.DamageSystems ............   Passed    0.01 sec
      Start  2: UtilsTests.PrintFormattedComponentInHud
 2/26 Test  #2: UtilsTests.PrintFormattedComponentInHud ...   Passed    0.01 sec
      Start  3: JumpDrive.Damage
 3/26 Test  #3: JumpDrive.Damage ..........................   Passed    0.01 sec
      Start  4: Afterburner.Sanity
 4/26 Test  #4: Afterburner.Sanity ........................   Passed    0.01 sec
      Start  5: Afterburner.UpgradeDowngrade
 5/26 Test  #5: Afterburner.UpgradeDowngrade ..............   Passed    0.01 sec
      Start  6: Drive.Sanity
 6/26 Test  #6: Drive.Sanity ..............................   Passed    0.01 sec
      Start  7: Drive.UpgradeDowngrade
 7/26 Test  #7: Drive.UpgradeDowngrade ....................   Passed    0.01 sec
      Start  8: FuelBurn.Trivial
 8/26 Test  #8: FuelBurn.Trivial ..........................   Passed    0.02 sec
      Start  9: FuelBurn.RobinNaive_1
 9/26 Test  #9: FuelBurn.RobinNaive_1 .....................   Passed    0.01 sec
      Start 10: FuelBurn.RobinNaive_2
10/26 Test #10: FuelBurn.RobinNaive_2 .....................   Passed    0.01 sec
      Start 11: EnergyContainer.Sanity
11/26 Test #11: EnergyContainer.Sanity ....................   Passed    0.01 sec
      Start 12: EnergyContainer.Upgrade
12/26 Test #12: EnergyContainer.Upgrade ...................   Passed    0.01 sec
      Start 13: Python.Sanity
13/26 Test #13: Python.Sanity .............................   Passed    0.01 sec
      Start 14: Python.Call_Function
14/26 Test #14: Python.Call_Function ......................   Passed    0.05 sec
      Start 15: Random.Sanity
15/26 Test #15: Random.Sanity .............................   Passed    0.01 sec
      Start 16: Manifest.MPL
16/26 Test #16: Manifest.MPL ..............................   Passed    0.01 sec
      Start 17: Resource.Operators
17/26 Test #17: Resource.Operators ........................   Passed    0.01 sec
      Start 18: Resource.Methods
18/26 Test #18: Resource.Methods ..........................   Passed    0.01 sec
      Start 19: Resource.Damage_Repair
19/26 Test #19: Resource.Damage_Repair ....................   Passed    0.01 sec
      Start 20: Resource.Serialization
20/26 Test #20: Resource.Serialization ....................   Passed    0.01 sec
      Start 21: Store.Sanity
21/26 Test #21: Store.Sanity ..............................   Passed    0.01 sec
      Start 22: DamageableObject.Sanity
22/26 Test #22: DamageableObject.Sanity ...................   Passed    0.02 sec
      Start 23: Layer.Sanity
23/26 Test #23: Layer.Sanity ..............................   Passed    0.01 sec
      Start 24: LoadConfig.Sanity
24/26 Test #24: LoadConfig.Sanity .........................   Passed    0.01 sec
      Start 25: JSON.Sanity
25/26 Test #25: JSON.Sanity ...............................   Passed    0.01 sec
      Start 26: CSV.Sanity
26/26 Test #26: CSV.Sanity ................................   Passed    0.01 sec

100% tests passed, 0 tests failed out of 26

Total Test time (real) =   0.30 sec
